Arguments: 
  /usr/local/bin/node /usr/share/yarn/bin/yarn.js add typescript ts-node-dev -d

PATH: 
  /home/gabriel/anaconda3/bin:/home/gabriel/anaconda3/condabin:/home/gabriel/development/flutter/bin:/usr/local/sbin:/usr/local/bin:/usr/sbin:/usr/bin:/sbin:/bin:/usr/games:/usr/local/games

Yarn version: 
  1.21.1

Node version: 
  12.18.2

Platform: 
  linux x64

Trace: 
  Error: connect EHOSTUNREACH 104.16.16.35:443
      at TCPConnectWrap.afterConnect [as oncomplete] (net.js:1141:16)

npm manifest: 
  {
    "name": "Bonnavita-backend",
    "version": "1.0.0",
    "main": "index.js",
    "license": "MIT"
  }

yarn manifest: 
  No manifest

Lockfile: 
  No lockfile
